2022-08-29T11:40:32.711188 400 : [{"timestamp":"2022-08-29T15:40:32.679+00:00","status":400,"error":"Bad Request","message":"Required request body is missing: public com.techelevator.tenmo.model.Transfer com.techelevator.tenmo.control... (528 bytes)]
2022-08-29T11:45:03.912012 401 : [no body]
2022-08-29T11:48:16.724223 401 : [no body]
2022-08-29T11:50:56.632748 401 : [no body]
2022-08-29T11:50:59.922781 401 : [no body]
2022-08-29T12:16:43.08897 401 : [no body]
2022-08-29T12:18:10.576325 400 : [{"timestamp":"2022-08-29T16:18:10.548+00:00","status":400,"error":"Bad Request","message":"Required request body is missing: public com.techelevator.tenmo.model.Transfer com.techelevator.tenmo.control... (528 bytes)]
2022-08-29T12:18:27.063032 400 : [{"timestamp":"2022-08-29T16:18:27.061+00:00","status":400,"error":"Bad Request","message":"Required request body is missing: public com.techelevator.tenmo.model.Transfer com.techelevator.tenmo.control... (528 bytes)]
2022-08-29T12:19:36.356583 400 : [{"timestamp":"2022-08-29T16:19:36.334+00:00","status":400,"error":"Bad Request","message":"Required request body is missing: public com.techelevator.tenmo.model.Transfer com.techelevator.tenmo.control... (528 bytes)]
2022-08-29T12:20:05.880229 400 : [{"timestamp":"2022-08-29T16:20:05.854+00:00","status":400,"error":"Bad Request","message":"Required request body is missing: public com.techelevator.tenmo.model.Transfer com.techelevator.tenmo.control... (528 bytes)]
2022-08-29T12:20:25.330198 400 : [{"timestamp":"2022-08-29T16:20:25.308+00:00","status":400,"error":"Bad Request","message":"Required request body is missing: public com.techelevator.tenmo.model.Transfer com.techelevator.tenmo.control... (528 bytes)]
2022-08-29T12:20:56.434555 400 : [{"timestamp":"2022-08-29T16:20:56.396+00:00","status":400,"error":"Bad Request","message":"Required request body is missing: public com.techelevator.tenmo.model.Transfer com.techelevator.tenmo.control... (528 bytes)]
2022-08-29T12:21:15.339006 400 : [{"timestamp":"2022-08-29T16:21:15.303+00:00","status":400,"error":"Bad Request","message":"Required request body is missing: public com.techelevator.tenmo.model.Transfer com.techelevator.tenmo.control... (528 bytes)]
2022-08-29T12:24:08.591279 400 : [{"timestamp":"2022-08-29T16:24:08.556+00:00","status":400,"error":"Bad Request","message":"Required request body is missing: public com.techelevator.tenmo.model.Transfer com.techelevator.tenmo.control... (528 bytes)]
2022-08-29T12:24:40.424011 I/O error on POST request for "http://localhost:8080/login": Connection refused (Connection refused); nested exception is java.net.ConnectException: Connection refused (Connection refused)
2022-08-29T12:24:46.083506 I/O error on POST request for "http://localhost:8080/login": Connection refused (Connection refused); nested exception is java.net.ConnectException: Connection refused (Connection refused)
2022-08-29T12:28:45.76251 400 : [{"timestamp":"2022-08-29T16:28:45.737+00:00","status":400,"error":"Bad Request","message":"Required request body is missing: public com.techelevator.tenmo.model.Transfer com.techelevator.tenmo.control... (528 bytes)]
2022-08-29T12:46:00.47205 400 : [{"timestamp":"2022-08-29T16:46:00.445+00:00","status":400,"error":"Bad Request","message":"Required request body is missing: public com.techelevator.tenmo.model.Transfer com.techelevator.tenmo.control... (528 bytes)]
2022-08-29T12:50:23.848834 401 : [no body]
2022-08-29T12:50:26.128357 400 : [{"timestamp":"2022-08-29T16:50:26.077+00:00","status":400,"error":"Bad Request","message":"Validation failed for object='registerUserDTO'. Error count: 2","errors":[{"codes":["NotEmpty.registerUserDTO... (947 bytes)]
2022-08-29T12:59:38.548463 401 : [no body]
2022-08-29T13:00:30.745971 401 : [no body]
2022-08-29T13:02:18.769603 400 : [{"timestamp":"2022-08-29T17:02:18.741+00:00","status":400,"error":"Bad Request","message":"User registration failed.","path":"/register"}]
2022-08-29T13:03:04.856565 401 : [no body]
2022-08-29T13:03:50.72838 401 : [no body]
2022-08-29T13:04:47.362028 401 : [no body]
2022-08-29T13:05:50.027832 401 : [no body]
2022-08-29T13:07:37.966568 401 : [no body]
2022-08-29T13:07:57.333269 401 : [no body]
2022-08-29T13:09:57.792929 401 : [no body]
2022-08-29T13:10:44.500311 401 : [no body]
2022-08-29T13:12:06.758389 401 : [no body]
2022-08-29T13:12:09.279602 401 : [no body]
2022-08-29T13:14:41.534751 401 : [no body]
2022-08-29T15:01:38.00913 400 : [{"timestamp":"2022-08-29T19:01:37.983+00:00","status":400,"error":"Bad Request","message":"Required request body is missing: public com.techelevator.tenmo.model.Transfer com.techelevator.tenmo.control... (528 bytes)]
2022-08-29T15:03:53.494843 400 : [{"timestamp":"2022-08-29T19:03:53.470+00:00","status":400,"error":"Bad Request","message":"Required request body is missing: public com.techelevator.tenmo.model.Transfer com.techelevator.tenmo.control... (528 bytes)]
2022-08-29T15:56:54.279433 400 : [{"timestamp":"2022-08-29T19:56:54.255+00:00","status":400,"error":"Bad Request","message":"Required request body is missing: public com.techelevator.tenmo.model.Transfer com.techelevator.tenmo.control... (528 bytes)]
2022-08-29T15:59:20.173951 401 : [no body]
2022-08-29T16:02:28.736118 405 : [{"timestamp":"2022-08-29T20:02:28.709+00:00","status":405,"error":"Method Not Allowed","message":"Request method 'GET' not supported","path":"/transfer/send/1021"}]
2022-08-29T16:03:05.36894 401 : [no body]
2022-08-29T16:03:12.271727 405 : [{"timestamp":"2022-08-29T20:03:12.264+00:00","status":405,"error":"Method Not Allowed","message":"Request method 'GET' not supported","path":"/transfer/send/1021"}]
2022-08-29T16:03:27.48828 405 : [{"timestamp":"2022-08-29T20:03:27.485+00:00","status":405,"error":"Method Not Allowed","message":"Request method 'GET' not supported","path":"/transfer/send/1019"}]
2022-08-29T16:04:53.641315 405 : [{"timestamp":"2022-08-29T20:04:53.619+00:00","status":405,"error":"Method Not Allowed","message":"Request method 'GET' not supported","path":"/transfer/send/1018"}]
2022-08-29T16:07:35.189065 405 : [{"timestamp":"2022-08-29T20:07:35.165+00:00","status":405,"error":"Method Not Allowed","message":"Request method 'GET' not supported","path":"/transfer/send/1021"}]
2022-08-29T16:27:10.583163 401 : [no body]
2022-08-29T16:27:17.41002 405 : [{"timestamp":"2022-08-29T20:27:17.405+00:00","status":405,"error":"Method Not Allowed","message":"Request method 'POST' not supported","path":"/transfer/send/1018"}]
2022-08-29T16:27:30.66683 405 : [{"timestamp":"2022-08-29T20:27:30.664+00:00","status":405,"error":"Method Not Allowed","message":"Request method 'POST' not supported","path":"/transfer/send/1019"}]
2022-08-29T17:01:36.327721 401 : [no body]
2022-08-29T17:07:00.604706 I/O error on POST request for "http://localhost:8080/login": Connection refused (Connection refused); nested exception is java.net.ConnectException: Connection refused (Connection refused)
2022-08-29T17:07:05.448689 I/O error on POST request for "http://localhost:8080/login": Connection refused (Connection refused); nested exception is java.net.ConnectException: Connection refused (Connection refused)
2022-08-29T17:07:11.50165 I/O error on POST request for "http://localhost:8080/login": Connection refused (Connection refused); nested exception is java.net.ConnectException: Connection refused (Connection refused)
2022-08-29T17:07:29.55403 500 : [{"timestamp":"2022-08-29T21:07:29.542+00:00","status":500,"error":"Internal Server Error","message":"Insufficient Funds","path":"/transfer/send/1021"}]
2022-08-29T17:09:45.081743 500 : [{"timestamp":"2022-08-29T21:09:45.058+00:00","status":500,"error":"Internal Server Error","message":"Insufficient Funds","path":"/transfer/send/1021"}]
2022-08-29T17:10:40.212077 500 : [{"timestamp":"2022-08-29T21:10:40.192+00:00","status":500,"error":"Internal Server Error","message":"Incorrect result size: expected 1, actual 0","path":"/transfer/send/100"}]
2022-08-29T17:13:59.10797 500 : [{"timestamp":"2022-08-29T21:13:59.086+00:00","status":500,"error":"Internal Server Error","message":"Insufficient Funds","path":"/transfer/send/1019"}]
2022-08-29T17:34:13.930624 401 : [no body]
2022-08-29T17:35:18.881727 500 : [{"timestamp":"2022-08-29T21:35:18.860+00:00","status":500,"error":"Internal Server Error","message":"Transaction amounts must be greater than $0","path":"/transfer/send/108"}]
2022-08-29T17:59:27.359077 401 : [no body]
2022-08-29T18:08:46.756738 401 : [no body]
2022-08-29T18:10:14.108964 401 : [no body]
2022-08-29T18:11:58.225359 401 : [no body]
