2022-08-28T14:45:48.622696 400 : [{"timestamp":"2022-08-28T18:45:48.580+00:00","status":400,"error":"Bad Request","message":"Required request body is missing: public int com.techelevator.tenmo.controller.TransferController.returnInt(int)","path":"/transfer/test"}]
2022-08-28T14:47:03.449311 401 : [no body]
2022-08-28T14:47:09.930668 401 : [no body]
2022-08-28T14:47:12.491375 400 : [{"timestamp":"2022-08-28T18:47:12.462+00:00","status":400,"error":"Bad Request","message":"Validation failed for object='registerUserDTO'. Error count: 1","errors":[{"codes":["NotEmpty.registerUserDTO... (566 bytes)]
2022-08-28T14:47:19.372223 400 : [{"timestamp":"2022-08-28T18:47:19.369+00:00","status":400,"error":"Bad Request","message":"Required request body is missing: public int com.techelevator.tenmo.controller.TransferController.returnInt(int)","path":"/transfer/test"}]
2022-08-28T14:50:52.333369 401 : [no body]
2022-08-28T14:51:00.805277 400 : [{"timestamp":"2022-08-28T18:51:00.798+00:00","status":400,"error":"Bad Request","message":"Required request body is missing: public int com.techelevator.tenmo.controller.TransferController.returnInt(int)","path":"/transfer/test"}]
2022-08-28T14:51:10.520307 400 : [{"timestamp":"2022-08-28T18:51:10.515+00:00","status":400,"error":"Bad Request","message":"Required request body is missing: public int com.techelevator.tenmo.controller.TransferController.returnInt(int)","path":"/transfer/test"}]
2022-08-28T14:51:57.266494 400 : [{"timestamp":"2022-08-28T18:51:57.223+00:00","status":400,"error":"Bad Request","message":"Required request body is missing: public int com.techelevator.tenmo.controller.TransferController.returnInt(int)","path":"/transfer/test"}]
2022-08-28T14:53:06.857859 400 : [{"timestamp":"2022-08-28T18:53:06.788+00:00","status":400,"error":"Bad Request","message":"Required request body is missing: public int com.techelevator.tenmo.controller.TransferController.returnInt(int)","path":"/transfer/test"}]
2022-08-28T16:54:51.764981 404 : [{"timestamp":"2022-08-28T20:54:51.740+00:00","status":404,"error":"Not Found","message":"No message available","path":"/tranfer/send/1017"}]
2022-08-28T16:56:08.164294 400 : [{"timestamp":"2022-08-28T20:56:08.142+00:00","status":400,"error":"Bad Request","message":"Required request body is missing: public com.techelevator.tenmo.model.Transfer com.techelevator.tenmo.control... (523 bytes)]
2022-08-28T16:56:59.251937 400 : [{"timestamp":"2022-08-28T20:56:59.227+00:00","status":400,"error":"Bad Request","message":"Required request body is missing: public com.techelevator.tenmo.model.Transfer com.techelevator.tenmo.control... (523 bytes)]
2022-08-28T19:57:41.25597 400 : [{"timestamp":"2022-08-28T23:57:41.225+00:00","status":400,"error":"Bad Request","message":"Required request body is missing: public com.techelevator.tenmo.model.Transfer com.techelevator.tenmo.control... (523 bytes)]
2022-08-28T19:58:27.987583 400 : [{"timestamp":"2022-08-28T23:58:27.963+00:00","status":400,"error":"Bad Request","message":"Required request body is missing: public com.techelevator.tenmo.model.Transfer com.techelevator.tenmo.control... (523 bytes)]
2022-08-28T20:04:13.949298 400 : [{"timestamp":"2022-08-29T00:04:13.923+00:00","status":400,"error":"Bad Request","message":"Required request body is missing: public com.techelevator.tenmo.model.Transfer com.techelevator.tenmo.control... (523 bytes)]
2022-08-28T20:04:54.484369 400 : [{"timestamp":"2022-08-29T00:04:54.456+00:00","status":400,"error":"Bad Request","message":"Required request body is missing: public com.techelevator.tenmo.model.Transfer com.techelevator.tenmo.control... (523 bytes)]
2022-08-28T20:12:16.947667 I/O error on POST request for "http://localhost:8080/login": Connection refused (Connection refused); nested exception is java.net.ConnectException: Connection refused (Connection refused)
2022-08-28T20:12:20.39392 I/O error on POST request for "http://localhost:8080/login": Connection refused (Connection refused); nested exception is java.net.ConnectException: Connection refused (Connection refused)
2022-08-28T20:12:24.679243 I/O error on POST request for "http://localhost:8080/login": Connection refused (Connection refused); nested exception is java.net.ConnectException: Connection refused (Connection refused)
2022-08-28T20:58:47.496054 400 : [{"timestamp":"2022-08-29T00:58:47.439+00:00","status":400,"error":"Bad Request","message":"Required request body is missing: public com.techelevator.tenmo.model.Transfer com.techelevator.tenmo.control... (528 bytes)]
2022-08-28T21:04:38.241601 400 : [{"timestamp":"2022-08-29T01:04:38.184+00:00","status":400,"error":"Bad Request","message":"Required request body is missing: public com.techelevator.tenmo.model.Transfer com.techelevator.tenmo.control... (528 bytes)]
2022-08-28T21:07:55.595994 400 : [{"timestamp":"2022-08-29T01:07:55.573+00:00","status":400,"error":"Bad Request","message":"Required request body is missing: public com.techelevator.tenmo.model.Transfer com.techelevator.tenmo.control... (528 bytes)]
2022-08-28T21:08:33.847603 400 : [{"timestamp":"2022-08-29T01:08:33.820+00:00","status":400,"error":"Bad Request","message":"Required request body is missing: public com.techelevator.tenmo.model.Transfer com.techelevator.tenmo.control... (528 bytes)]
2022-08-28T21:09:18.270722 400 : [{"timestamp":"2022-08-29T01:09:18.242+00:00","status":400,"error":"Bad Request","message":"Required request body is missing: public com.techelevator.tenmo.model.Transfer com.techelevator.tenmo.control... (528 bytes)]
2022-08-28T21:09:42.059866 400 : [{"timestamp":"2022-08-29T01:09:42.026+00:00","status":400,"error":"Bad Request","message":"Required request body is missing: public com.techelevator.tenmo.model.Transfer com.techelevator.tenmo.control... (528 bytes)]
2022-08-28T21:27:05.470758 401 : [no body]
2022-08-28T21:34:14.814906 401 : [no body]
2022-08-28T21:52:39.526528 401 : [no body]
2022-08-28T21:52:44.382356 400 : [{"timestamp":"2022-08-29T01:52:44.376+00:00","status":400,"error":"Bad Request","message":"Required request body is missing: public com.techelevator.tenmo.model.Transfer com.techelevator.tenmo.control... (528 bytes)]
